Using pre-set license
Built from '2020.3/staging' branch; Version is '2020.3.23f1 (c5d91304a876) revision 12966163'; Using compiler version '192528614'; Build Type 'Release'
OS: 'Windows 10 Pro; OS build 19043.1348; Version 2009; 64bit' Language: 'ru' Physical Memory: 16326 MB
BatchMode: 1, IsHumanControllingUs: 0, StartBugReporterOnCrash: 0, Is64bit: 1, IsPro: 0

COMMAND LINE ARGUMENTS:
C:\Program Files\Unity\Hub\Editor\2020.3.23f1\Editor\Unity.exe
-adb2
-batchMode
-noUpm
-name
AssetImportWorker0
-projectPath
F:/UnityProgects/CharacterController
-logFile
Logs/AssetImportWorker0.log
-srvPort
52538
Successfully changed project path to: F:/UnityProgects/CharacterController
F:/UnityProgects/CharacterController
Using Asset Import Pipeline V2.
Refreshing native plugins compatible for Editor in 98.12 ms, found 3 plugins.
Preloading 0 native plugins for Editor in 0.00 ms.
Initialize engine version: 2020.3.23f1 (c5d91304a876)
[Subsystems] Discovering subsystems at path C:/Program Files/Unity/Hub/Editor/2020.3.23f1/Editor/Data/Resources/UnitySubsystems
[Subsystems] Discovering subsystems at path F:/UnityProgects/CharacterController/Assets
GfxDevice: creating device client; threaded=0
Direct3D:
    Version:  Direct3D 11.0 [level 11.1]
    Renderer: NVIDIA GeForce RTX 2060 (ID=0x1f08)
    Vendor:   
    VRAM:     5980 MB
    Driver:   30.0.14.9709
Initialize mono
Mono path[0] = 'C:/Program Files/Unity/Hub/Editor/2020.3.23f1/Editor/Data/Managed'
Mono path[1] = 'C:/Program Files/Unity/Hub/Editor/2020.3.23f1/Editor/Data/MonoBleedingEdge/lib/mono/unityjit'
Mono config path = 'C:/Program Files/Unity/Hub/Editor/2020.3.23f1/Editor/Data/MonoBleedingEdge/etc'
Using monoOptions --debugger-agent=transport=dt_socket,embedding=1,server=y,suspend=n,address=127.0.0.1:56400
Begin MonoManager ReloadAssembly
Registering precompiled unity dll's ...
Register platform support module: C:/Program Files/Unity/Hub/Editor/2020.3.23f1/Editor/Data/PlaybackEngines/WindowsStandaloneSupport/UnityEditor.WindowsStandalone.Extensions.dll
Registered in 0.001234 seconds.
Native extension for WindowsStandalone target not found
Refreshing native plugins compatible for Editor in 96.88 ms, found 3 plugins.
Preloading 0 native plugins for Editor in 0.00 ms.
Mono: successfully reloaded assembly
- Completed reload, in  0.583 seconds
Domain Reload Profiling:
	ReloadAssembly (584ms)
		BeginReloadAssembly (45ms)
			ExecutionOrderSort (0ms)
			DisableScriptedObjects (0ms)
			BackupInstance (0ms)
			ReleaseScriptingObjects (0ms)
			CreateAndSetChildDomain (1ms)
		EndReloadAssembly (475ms)
			LoadAssemblies (44ms)
			RebuildTransferFunctionScriptingTraits (0ms)
			SetupTypeCache (139ms)
			ReleaseScriptCaches (0ms)
			RebuildScriptCaches (29ms)
			SetupLoadedEditorAssemblies (220ms)
				LogAssemblyErrors (0ms)
				InitializePlatformSupportModulesInManaged (4ms)
				SetLoadedEditorAssemblies (0ms)
				RefreshPlugins (97ms)
				BeforeProcessingInitializeOnLoad (14ms)
				ProcessInitializeOnLoadAttributes (78ms)
				ProcessInitializeOnLoadMethodAttributes (27ms)
				AfterProcessingInitializeOnLoad (0ms)
				EditorAssembliesLoaded (0ms)
			ExecutionOrderSort2 (0ms)
			AwakeInstancesAfterBackupRestoration (0ms)
Platform modules already initialized, skipping
Registering precompiled user dll's ...
Registered in 0.004667 seconds.
Begin MonoManager ReloadAssembly
Symbol file LoadedFromMemory doesn't match image F:\UnityProgects\CharacterController\Library\PackageCache\com.unity.visualscripting@1.6.1\Editor\VisualScripting.Core\Dependencies\YamlDotNet\Unity.VisualScripting.YamlDotNet.dll
Symbol file LoadedFromMemory doesn't match image F:\UnityProgects\CharacterController\Library\PackageCache\com.unity.visualscripting@1.6.1\Editor\VisualScripting.Core\Dependencies\DotNetZip\Unity.VisualScripting.IonicZip.dll
Native extension for WindowsStandalone target not found
Refreshing native plugins compatible for Editor in 97.29 ms, found 3 plugins.
Preloading 0 native plugins for Editor in 0.00 ms.
Mono: successfully reloaded assembly
- Completed reload, in  1.727 seconds
Domain Reload Profiling:
	ReloadAssembly (1728ms)
		BeginReloadAssembly (136ms)
			ExecutionOrderSort (0ms)
			DisableScriptedObjects (4ms)
			BackupInstance (0ms)
			ReleaseScriptingObjects (0ms)
			CreateAndSetChildDomain (16ms)
		EndReloadAssembly (1536ms)
			LoadAssemblies (98ms)
			RebuildTransferFunctionScriptingTraits (0ms)
			SetupTypeCache (341ms)
			ReleaseScriptCaches (1ms)
			RebuildScriptCaches (54ms)
			SetupLoadedEditorAssemblies (936ms)
				LogAssemblyErrors (0ms)
				InitializePlatformSupportModulesInManaged (3ms)
				SetLoadedEditorAssemblies (0ms)
				RefreshPlugins (97ms)
				BeforeProcessingInitializeOnLoad (91ms)
				ProcessInitializeOnLoadAttributes (736ms)
				ProcessInitializeOnLoadMethodAttributes (4ms)
				AfterProcessingInitializeOnLoad (4ms)
				EditorAssembliesLoaded (0ms)
			ExecutionOrderSort2 (0ms)
			AwakeInstancesAfterBackupRestoration (6ms)
Platform modules already initialized, skipping
========================================================================
Worker process is ready to serve import requests
Launched and connected shader compiler UnityShaderCompiler.exe after 0.06 seconds
Refreshing native plugins compatible for Editor in 0.62 ms, found 3 plugins.
Preloading 0 native plugins for Editor in 0.00 ms.
Unloading 3833 Unused Serialized files (Serialized files now loaded: 0)
System memory in use before: 142.0 MB.
System memory in use after: 142.2 MB.

Unloading 24 unused Assets to reduce memory usage. Loaded Objects now: 4266.
Total: 3.614100 ms (FindLiveObjects: 0.350300 ms CreateObjectMapping: 0.307300 ms MarkObjects: 2.889700 ms  DeleteObjects: 0.065300 ms)

AssetImportParameters requested are different than current active one (requested -> active):
  custom:framework-win-MediaFoundation: 216162199b28c13a410421893ffa2e32 -> 
  custom:video-decoder-ogg-theora: a1e56fd34408186e4bbccfd4996cb3dc -> 
  custom:container-muxer-webm: aa71ff27fc2769a1b78a27578f13a17b -> 
  custom:container-demuxer-webm: 4f35f7cbe854078d1ac9338744f61a02 -> 
  custom:container-demuxer-ogg: 62fdf1f143b41e24485cea50d1cbac27 -> 
  custom:video-encoder-webm-vp8: eb34c28f22e8b96e1ab97ce403110664 -> 
  custom:video-decoder-webm-vp8: 9c59270c3fd7afecdb556c50c9e8de78 -> 
  custom:audio-decoder-ogg-vorbis: bf7c407c2cedff20999df2af8eb42d56 -> 
  custom:audio-encoder-webm-vorbis: bf7c407c2cedff20999df2af8eb42d56 -> 
========================================================================
Received Import Request.
  path: Assets/Scenes/SampleScene.unity
  artifactKey: Guid(9fc0d4010bbf28b4594072e72b8655ab) Importer(815301076,1909f56bfc062723c751e8b465ee728b)
Start importing Assets/Scenes/SampleScene.unity using Guid(9fc0d4010bbf28b4594072e72b8655ab) Importer(815301076,1909f56bfc062723c751e8b465ee728b)  -> (artifact id: '79db349d55712e0d0812b4f0b1f18754') in 0.015457 seconds 
  Import took 0.020806 seconds .

========================================================================
Received Import Request.
  Time since last request: 32.013531 seconds.
  path: Assets/Characters/MainCharacter/Models/Animations/StopRunning.anim
  artifactKey: Guid(18e05e557f76feb4382271d6c43e00ba) Importer(815301076,1909f56bfc062723c751e8b465ee728b)
Start importing Assets/Characters/MainCharacter/Models/Animations/StopRunning.anim using Guid(18e05e557f76feb4382271d6c43e00ba) Importer(815301076,1909f56bfc062723c751e8b465ee728b)  -> (artifact id: 'a71e4136ab3f6cedeede0fa1b8fb382a') in 0.049084 seconds 
  Import took 0.054346 seconds .

========================================================================
Received Import Request.
  Time since last request: 35.802371 seconds.
  path: Assets/Characters/MainCharacter/Models/Animations/PlayerAnimController/test.controller
  artifactKey: Guid(b7c6a4f54fc856a43ae9b7884b98f063) Importer(815301076,1909f56bfc062723c751e8b465ee728b)
Start importing Assets/Characters/MainCharacter/Models/Animations/PlayerAnimController/test.controller using Guid(b7c6a4f54fc856a43ae9b7884b98f063) Importer(815301076,1909f56bfc062723c751e8b465ee728b)  -> (artifact id: '8653ada86146e59173dbc8c89b819259') in 0.028078 seconds 
  Import took 0.033224 seconds .

========================================================================
Received Import Request.
  Time since last request: 47.929845 seconds.
  path: Assets/Characters/MainCharacter/Models/Character/Ch44_nonPBR@Idle (1).fbx
  artifactKey: Guid(acf6e176d4fe7954d9f1e899e9c9664c) Importer(815301076,1909f56bfc062723c751e8b465ee728b)
Start importing Assets/Characters/MainCharacter/Models/Character/Ch44_nonPBR@Idle (1).fbx using Guid(acf6e176d4fe7954d9f1e899e9c9664c) Importer(815301076,1909f56bfc062723c751e8b465ee728b)  -> (artifact id: 'c9a4ffb4a278c547633e8d45b037fdf3') in 0.453445 seconds 
  Import took 0.459411 seconds .

========================================================================
Received Import Request.
  Time since last request: 17.348681 seconds.
  path: Assets/Prefabs/Weapons/Animations/Ch44_nonPBR@Stable Sword Outward Slash.fbx
  artifactKey: Guid(2a924ba1e94d3d243823dfb834053257) Importer(815301076,1909f56bfc062723c751e8b465ee728b)
Start importing Assets/Prefabs/Weapons/Animations/Ch44_nonPBR@Stable Sword Outward Slash.fbx using Guid(2a924ba1e94d3d243823dfb834053257) Importer(815301076,1909f56bfc062723c751e8b465ee728b)  -> (artifact id: 'a357f73b3331e3fa1bd098ecaaf20944') in 0.064896 seconds 
  Import took 0.070055 seconds .

========================================================================
Received Import Request.
  Time since last request: 1.897263 seconds.
  path: Assets/Prefabs/Weapons/Materials/BackPanel.mat
  artifactKey: Guid(16b5af3d61149a940bc23983a89efb7d) Importer(815301076,1909f56bfc062723c751e8b465ee728b)
Start importing Assets/Prefabs/Weapons/Materials/BackPanel.mat using Guid(16b5af3d61149a940bc23983a89efb7d) Importer(815301076,1909f56bfc062723c751e8b465ee728b)  -> (artifact id: '76c2de2b9169981afcb1124da3add2c1') in 0.065274 seconds 
  Import took 0.070250 seconds .

========================================================================
Received Import Request.
  Time since last request: 0.000200 seconds.
  path: Assets/Prefabs/Weapons/Materials/LoopMe.mat
  artifactKey: Guid(06ee3d079f6cd7a45af8800347cb53a0) Importer(815301076,1909f56bfc062723c751e8b465ee728b)
Start importing Assets/Prefabs/Weapons/Materials/LoopMe.mat using Guid(06ee3d079f6cd7a45af8800347cb53a0) Importer(815301076,1909f56bfc062723c751e8b465ee728b)  -> (artifact id: '7de31621791b88815de14a4fa3bbee88') in 0.053387 seconds 
  Import took 0.058465 seconds .

========================================================================
Received Import Request.
  Time since last request: 0.000169 seconds.
  path: Assets/Prefabs/Weapons/Materials/Handle.mat
  artifactKey: Guid(1fafec30497a3c547b823698d82601a9) Importer(815301076,1909f56bfc062723c751e8b465ee728b)
Start importing Assets/Prefabs/Weapons/Materials/Handle.mat using Guid(1fafec30497a3c547b823698d82601a9) Importer(815301076,1909f56bfc062723c751e8b465ee728b)  -> (artifact id: '2c40bf2d0004f67a3aaa5a0889310542') in 0.034300 seconds 
  Import took 0.039510 seconds .

========================================================================
Received Import Request.
  Time since last request: 0.000216 seconds.
  path: Assets/Prefabs/Weapons/Materials/MainMe.mat
  artifactKey: Guid(233c471492593ee46b70cffdd1bfb86e) Importer(815301076,1909f56bfc062723c751e8b465ee728b)
Start importing Assets/Prefabs/Weapons/Materials/MainMe.mat using Guid(233c471492593ee46b70cffdd1bfb86e) Importer(815301076,1909f56bfc062723c751e8b465ee728b)  -> (artifact id: '4bfbb631e78f3cd233cf5e2dc7eae1cb') in 0.015266 seconds 
  Import took 0.020032 seconds .

========================================================================
Received Import Request.
  Time since last request: 0.000250 seconds.
  path: Assets/Prefabs/Weapons/Materials/MainMe2.mat
  artifactKey: Guid(25c2733ab302b664a9cad5f912416f9b) Importer(815301076,1909f56bfc062723c751e8b465ee728b)
Start importing Assets/Prefabs/Weapons/Materials/MainMe2.mat using Guid(25c2733ab302b664a9cad5f912416f9b) Importer(815301076,1909f56bfc062723c751e8b465ee728b)  -> (artifact id: 'd6ffc06c05a1aee95da2737b72541c39') in 0.014792 seconds 
  Import took 0.021341 seconds .

========================================================================
Received Import Request.
  Time since last request: 0.000193 seconds.
  path: Assets/Prefabs/Weapons/Materials/HandlePart.mat
  artifactKey: Guid(4ea1cefd14c413b4688727a12d47c292) Importer(815301076,1909f56bfc062723c751e8b465ee728b)
Start importing Assets/Prefabs/Weapons/Materials/HandlePart.mat using Guid(4ea1cefd14c413b4688727a12d47c292) Importer(815301076,1909f56bfc062723c751e8b465ee728b)  -> (artifact id: '8a19ac3e08ec32255f47c6a8a43310dc') in 0.014567 seconds 
  Import took 0.019673 seconds .

========================================================================
Received Import Request.
  Time since last request: 0.000169 seconds.
  path: Assets/Prefabs/Weapons/Materials/CoreMe.mat
  artifactKey: Guid(690a5a135bdd8aa46aeac897a26b5a7e) Importer(815301076,1909f56bfc062723c751e8b465ee728b)
Start importing Assets/Prefabs/Weapons/Materials/CoreMe.mat using Guid(690a5a135bdd8aa46aeac897a26b5a7e) Importer(815301076,1909f56bfc062723c751e8b465ee728b)  -> (artifact id: '06f81215581f81a190f90fe59cac3395') in 0.019706 seconds 
  Import took 0.024729 seconds .

========================================================================
Received Import Request.
  Time since last request: 0.000234 seconds.
  path: Assets/Prefabs/Weapons/Materials/HandlePart2.mat
  artifactKey: Guid(bf68dd6ae1107af4797a5a897dc0ddba) Importer(815301076,1909f56bfc062723c751e8b465ee728b)
Start importing Assets/Prefabs/Weapons/Materials/HandlePart2.mat using Guid(bf68dd6ae1107af4797a5a897dc0ddba) Importer(815301076,1909f56bfc062723c751e8b465ee728b)  -> (artifact id: 'e57763c8933d67935dc3c3df91230f19') in 0.014919 seconds 
  Import took 0.020465 seconds .

========================================================================
Received Import Request.
  Time since last request: 90.611824 seconds.
  path: Assets/Characters/MainCharacter/Models/Animations/PlayerAnimController/PlayerAnimController.controller
  artifactKey: Guid(57f9c986a99f7e44ba0c4fbb397b3fcb) Importer(815301076,1909f56bfc062723c751e8b465ee728b)
Start importing Assets/Characters/MainCharacter/Models/Animations/PlayerAnimController/PlayerAnimController.controller using Guid(57f9c986a99f7e44ba0c4fbb397b3fcb) Importer(815301076,1909f56bfc062723c751e8b465ee728b)  -> (artifact id: 'b41bbeba8a68a11052f0e6e7c91c6c02') in 0.026607 seconds 
  Import took 0.032297 seconds .

========================================================================
Received Prepare
Registering precompiled user dll's ...
Registered in 0.004835 seconds.
Begin MonoManager ReloadAssembly
Symbol file LoadedFromMemory doesn't match image F:\UnityProgects\CharacterController\Library\PackageCache\com.unity.visualscripting@1.6.1\Editor\VisualScripting.Core\Dependencies\YamlDotNet\Unity.VisualScripting.YamlDotNet.dll
Symbol file LoadedFromMemory doesn't match image F:\UnityProgects\CharacterController\Library\PackageCache\com.unity.visualscripting@1.6.1\Editor\VisualScripting.Core\Dependencies\DotNetZip\Unity.VisualScripting.IonicZip.dll
Native extension for WindowsStandalone target not found
Refreshing native plugins compatible for Editor in 0.61 ms, found 3 plugins.
Preloading 0 native plugins for Editor in 0.00 ms.
Mono: successfully reloaded assembly
- Completed reload, in  1.118 seconds
Domain Reload Profiling:
	ReloadAssembly (1118ms)
		BeginReloadAssembly (111ms)
			ExecutionOrderSort (0ms)
			DisableScriptedObjects (4ms)
			BackupInstance (0ms)
			ReleaseScriptingObjects (0ms)
			CreateAndSetChildDomain (35ms)
		EndReloadAssembly (955ms)
			LoadAssemblies (82ms)
			RebuildTransferFunctionScriptingTraits (0ms)
			SetupTypeCache (317ms)
			ReleaseScriptCaches (1ms)
			RebuildScriptCaches (41ms)
			SetupLoadedEditorAssemblies (416ms)
				LogAssemblyErrors (0ms)
				InitializePlatformSupportModulesInManaged (3ms)
				SetLoadedEditorAssemblies (1ms)
				RefreshPlugins (1ms)
				BeforeProcessingInitializeOnLoad (74ms)
				ProcessInitializeOnLoadAttributes (329ms)
				ProcessInitializeOnLoadMethodAttributes (4ms)
				AfterProcessingInitializeOnLoad (4ms)
				EditorAssembliesLoaded (0ms)
			ExecutionOrderSort2 (0ms)
			AwakeInstancesAfterBackupRestoration (6ms)
Platform modules already initialized, skipping
Refreshing native plugins compatible for Editor in 0.62 ms, found 3 plugins.
Preloading 0 native plugins for Editor in 0.00 ms.
Unloading 3823 Unused Serialized files (Serialized files now loaded: 0)
System memory in use before: 158.6 MB.
System memory in use after: 158.9 MB.

Unloading 17 unused Assets to reduce memory usage. Loaded Objects now: 4312.
Total: 3.670900 ms (FindLiveObjects: 0.289000 ms CreateObjectMapping: 0.182200 ms MarkObjects: 3.178200 ms  DeleteObjects: 0.020500 ms)

AssetImportParameters requested are different than current active one (requested -> active):
  custom:framework-win-MediaFoundation: 216162199b28c13a410421893ffa2e32 -> 
  custom:video-decoder-ogg-theora: a1e56fd34408186e4bbccfd4996cb3dc -> 
  custom:container-muxer-webm: aa71ff27fc2769a1b78a27578f13a17b -> 
  custom:container-demuxer-webm: 4f35f7cbe854078d1ac9338744f61a02 -> 
  custom:container-demuxer-ogg: 62fdf1f143b41e24485cea50d1cbac27 -> 
  custom:video-encoder-webm-vp8: eb34c28f22e8b96e1ab97ce403110664 -> 
  custom:video-decoder-webm-vp8: 9c59270c3fd7afecdb556c50c9e8de78 -> 
  custom:audio-decoder-ogg-vorbis: bf7c407c2cedff20999df2af8eb42d56 -> 
  custom:audio-encoder-webm-vorbis: bf7c407c2cedff20999df2af8eb42d56 -> 
AssetImportWorkerClient::OnTransportError - code=2 error=End of file
